<?xml version="1.0" encoding="UTF-8"?>
<coverage generated="1680023926450" clover="3.2.0">
  <project timestamp="1680023926450" name="All files">
    <metrics statements="17" coveredstatements="17" conditionals="6" coveredconditionals="6" methods="5" coveredmethods="5" elements="28" coveredelements="28" complexity="0" loc="17" ncloc="17" packages="1" files="1" classes="1"/>
    <file name="Roller.ts" path="C:\Users\smishra4\RollerJS\src\Roller.ts">
      <metrics statements="17" coveredstatements="17" conditionals="6" coveredconditionals="6" methods="5" coveredmethods="5"/>
      <line num="1" count="1" type="stmt"/>
      <line num="10" count="6" type="stmt"/>
      <line num="11" count="6" type="stmt"/>
      <line num="12" count="6" type="cond" truecount="2" falsecount="0"/>
      <line num="14" count="5" type="stmt"/>
      <line num="18" count="1" type="stmt"/>
      <line num="20" count="6" type="stmt"/>
      <line num="21" count="25" type="stmt"/>
      <line num="23" count="6" type="stmt"/>
      <line num="27" count="2" type="stmt"/>
      <line num="41" count="13" type="cond" truecount="4" falsecount="0"/>
      <line num="43" count="1" type="stmt"/>
      <line num="47" count="12" type="stmt"/>
      <line num="48" count="12" type="stmt"/>
      <line num="50" count="12" type="stmt"/>
      <line num="56" count="1" type="stmt"/>
      <line num="65" count="1" type="stmt"/>
    </file>
  </project>
</coverage>
