{"C:\\Users\\smishra4\\RollerJS\\src\\Roller.ts": {"path":"C:\\Users\\smishra4\\RollerJS\\src\\Roller.ts","statementMap":{"0":{"start":{"line":10,"column":8},"end":{"line":10,"column":14}},"1":{"start":{"line":11,"column":8},"end":{"line":11,"column":52}},"2":{"start":{"line":12,"column":8},"end":{"line":19,"column":null}},"3":{"start":{"line":14,"column":12},"end":{"line":14,"column":32}},"4":{"start":{"line":18,"column":12},"end":{"line":18,"column":28}},"5":{"start":{"line":20,"column":8},"end":{"line":22,"column":null}},"6":{"start":{"line":20,"column":21},"end":{"line":20,"column":22}},"7":{"start":{"line":21,"column":12},"end":{"line":21,"column":40}},"8":{"start":{"line":23,"column":8},"end":{"line":23,"column":23}},"9":{"start":{"line":27,"column":8},"end":{"line":27,"column":27}},"10":{"start":{"line":41,"column":8},"end":{"line":49,"column":null}},"11":{"start":{"line":43,"column":12},"end":{"line":43,"column":21}},"12":{"start":{"line":47,"column":12},"end":{"line":47,"column":31}},"13":{"start":{"line":48,"column":12},"end":{"line":48,"column":null}},"14":{"start":{"line":50,"column":8},"end":{"line":50,"column":21}},"15":{"start":{"line":56,"column":8},"end":{"line":56,"column":null}},"16":{"start":{"line":65,"column":8},"end":{"line":65,"column":34}},"17":{"start":{"line":1,"column":0},"end":{"line":1,"column":13}}},"fnMap":{"0":{"name":"(anonymous_0)","decl":{"start":{"line":9,"column":4},"end":{"line":9,"column":16}},"loc":{"start":{"line":9,"column":29},"end":{"line":24,"column":5}}},"1":{"name":"(anonymous_1)","decl":{"start":{"line":26,"column":4},"end":{"line":26,"column":12}},"loc":{"start":{"line":26,"column":12},"end":{"line":28,"column":5}}},"2":{"name":"(anonymous_2)","decl":{"start":{"line":40,"column":4},"end":{"line":40,"column":8}},"loc":{"start":{"line":40,"column":22},"end":{"line":51,"column":5}}},"3":{"name":"(anonymous_3)","decl":{"start":{"line":55,"column":4},"end":{"line":55,"column":8}},"loc":{"start":{"line":55,"column":8},"end":{"line":57,"column":5}}},"4":{"name":"(anonymous_4)","decl":{"start":{"line":64,"column":4},"end":{"line":64,"column":16}},"loc":{"start":{"line":64,"column":16},"end":{"line":66,"column":5}}}},"branchMap":{"0":{"loc":{"start":{"line":12,"column":8},"end":{"line":19,"column":null}},"type":"if","locations":[{"start":{"line":12,"column":8},"end":{"line":19,"column":null}},{"start":{"line":17,"column":8},"end":{"line":19,"column":null}}]},"1":{"loc":{"start":{"line":41,"column":8},"end":{"line":49,"column":null}},"type":"if","locations":[{"start":{"line":41,"column":8},"end":{"line":49,"column":null}},{"start":{"line":46,"column":8},"end":{"line":49,"column":null}}]},"2":{"loc":{"start":{"line":41,"column":13},"end":{"line":41,"column":47}},"type":"binary-expr","locations":[{"start":{"line":41,"column":13},"end":{"line":41,"column":23}},{"start":{"line":41,"column":27},"end":{"line":41,"column":47}}]}},"s":{"0":6,"1":6,"2":6,"3":5,"4":1,"5":6,"6":6,"7":25,"8":6,"9":2,"10":13,"11":1,"12":12,"13":12,"14":12,"15":1,"16":1,"17":1},"f":{"0":6,"1":2,"2":13,"3":1,"4":1},"b":{"0":[5,1],"1":[1,12],"2":[13,13]}}
}
