TN:
SF:src\Roller.ts
FN:9,(anonymous_0)
FN:26,(anonymous_1)
FN:40,(anonymous_2)
FN:55,(anonymous_3)
FN:64,(anonymous_4)
FNF:5
FNH:5
FNDA:6,(anonymous_0)
FNDA:2,(anonymous_1)
FNDA:13,(anonymous_2)
FNDA:1,(anonymous_3)
FNDA:1,(anonymous_4)
DA:1,1
DA:10,6
DA:11,6
DA:12,6
DA:14,5
DA:18,1
DA:20,6
DA:21,25
DA:23,6
DA:27,2
DA:41,13
DA:43,1
DA:47,12
DA:48,12
DA:50,12
DA:56,1
DA:65,1
LF:17
LH:17
BRDA:12,0,0,5
BRDA:12,0,1,1
BRDA:41,1,0,1
BRDA:41,1,1,12
BRDA:41,2,0,13
BRDA:41,2,1,13
BRF:6
BRH:6
end_of_record
